<?xml version="1.0" encoding="UTF-8"?>
<testng-results ignored="0" total="2" passed="2" failed="0" skipped="0">
  <reporter-output>
  </reporter-output>
  <suite started-at="2023-02-11T23:35:23 EST" name="Suite" finished-at="2023-02-11T23:35:23 EST" duration-ms="76">
    <groups>
      <group name="group2">
        <method signature="GroupsDemo.test1()[pri:2, instance:com.neotech.testcases.GroupsDemo@47eaca72]" name="test1" class="com.neotech.testcases.GroupsDemo"/>
      </group> <!-- group2 -->
      <group name="group1">
        <method signature="GroupsDemo.test1()[pri:2, instance:com.neotech.testcases.GroupsDemo@47eaca72]" name="test1" class="com.neotech.testcases.GroupsDemo"/>
        <method signature="GroupsDemo.test2()[pri:1, instance:com.neotech.testcases.GroupsDemo@47eaca72]" name="test2" class="com.neotech.testcases.GroupsDemo"/>
      </group> <!-- group1 -->
    </groups>
    <test started-at="2023-02-11T23:35:23 EST" name="Test" finished-at="2023-02-11T23:35:23 EST" duration-ms="76">
      <class name="com.neotech.testcases.GroupsDemo">
        <test-method is-config="true" signature="beforeTest()[pri:0, instance:com.neotech.testcases.GroupsDemo@47eaca72]" started-at="2023-02-11T23:35:23 EST" name="beforeTest" finished-at="2023-02-11T23:35:23 EST" duration-ms="10" status="PASS">
          <reporter-output>
          </reporter-output>
        </test-method> <!-- beforeTest -->
        <test-method is-config="true" signature="beforeMethod()[pri:0, instance:com.neotech.testcases.GroupsDemo@47eaca72]" started-at="2023-02-11T23:35:23 EST" name="beforeMethod" finished-at="2023-02-11T23:35:23 EST" duration-ms="1" status="PASS">
          <reporter-output>
          </reporter-output>
        </test-method> <!-- beforeMethod -->
        <test-method signature="test1()[pri:2, instance:com.neotech.testcases.GroupsDemo@47eaca72]" started-at="2023-02-11T23:35:23 EST" name="test1" finished-at="2023-02-11T23:35:23 EST" duration-ms="11" status="PASS">
          <reporter-output>
          </reporter-output>
        </test-method> <!-- test1 -->
        <test-method is-config="true" signature="afterMethod()[pri:0, instance:com.neotech.testcases.GroupsDemo@47eaca72]" started-at="2023-02-11T23:35:23 EST" name="afterMethod" finished-at="2023-02-11T23:35:23 EST" duration-ms="0" status="PASS">
          <reporter-output>
          </reporter-output>
        </test-method> <!-- afterMethod -->
        <test-method signature="test2()[pri:1, instance:com.neotech.testcases.GroupsDemo@47eaca72]" started-at="2023-02-11T23:35:23 EST" name="test2" finished-at="2023-02-11T23:35:23 EST" depends-on-methods="com.neotech.testcases.GroupsDemo.test1" duration-ms="3" status="PASS">
          <reporter-output>
          </reporter-output>
        </test-method> <!-- test2 -->
        <test-method is-config="true" signature="beforeMethod()[pri:0, instance:com.neotech.testcases.GroupsDemo@47eaca72]" started-at="2023-02-11T23:35:23 EST" name="beforeMethod" finished-at="2023-02-11T23:35:23 EST" duration-ms="0" status="PASS">
          <reporter-output>
          </reporter-output>
        </test-method> <!-- beforeMethod -->
        <test-method is-config="true" signature="afterMethod()[pri:0, instance:com.neotech.testcases.GroupsDemo@47eaca72]" started-at="2023-02-11T23:35:23 EST" name="afterMethod" finished-at="2023-02-11T23:35:23 EST" duration-ms="0" status="PASS">
          <reporter-output>
          </reporter-output>
        </test-method> <!-- afterMethod -->
        <test-method is-config="true" signature="afterTest()[pri:0, instance:com.neotech.testcases.GroupsDemo@47eaca72]" started-at="2023-02-11T23:35:23 EST" name="afterTest" finished-at="2023-02-11T23:35:23 EST" duration-ms="0" status="PASS">
          <reporter-output>
          </reporter-output>
        </test-method> <!-- afterTest -->
      </class> <!-- com.neotech.testcases.GroupsDemo -->
    </test> <!-- Test -->
  </suite> <!-- Suite -->
</testng-results>
