<?xml version="1.0" encoding="UTF-8"?>
<!-- Generated by org.testng.reporters.JUnitXMLReporter -->
<testsuite ignored="3" hostname="eminezeynep" failures="0" tests="5" name="ExcludeExampleTest" time="0.054" errors="0" timestamp="2023-02-01T18:59:30 EST">
  <testcase classname="com.neotech.lesson01.MoreTestNGAnnotations" name="test1" time="0.009"/>
  <testcase classname="com.neotech.lesson01.MoreTestNGAnnotations" name="test2" time="0.001"/>
  <testcase classname="com.neotech.lesson01.TestNGDemo" name="testOne" time="0.001"/>
  <testcase classname="com.neotech.lesson01.TestNGDemo" name="testThree" time="0.003"/>
  <testcase classname="com.neotech.lesson01.TestNGDemo" name="testTwo" time="0.002"/>
  <testcase classname="com.neotech.lesson01.TitleAndLoginValidation" name="logoValidation" time="0.0">
    <ignored/>
  </testcase> <!-- logoValidation -->
  <testcase classname="com.neotech.lesson01.TitleAndLoginValidation" name="titleValidation" time="0.0">
    <ignored/>
  </testcase> <!-- titleValidation -->
  <testcase classname="com.neotech.lesson01.TitleAndLoginValidation" name="loginValidation" time="0.0">
    <ignored/>
  </testcase> <!-- loginValidation -->
</testsuite> <!-- ExcludeExampleTest -->
