<?xml version="1.0" encoding="UTF-8"?>
<testng-results ignored="0" total="1" passed="1" failed="0" skipped="0">
  <reporter-output>
  </reporter-output>
  <suite started-at="2023-02-07T20:34:42 EST" name="RegressionSuite" finished-at="2023-02-07T20:34:53 EST" duration-ms="10292">
    <groups>
      <group name="regression">
        <method signature="LoginTest.validLogin()[pri:0, instance:com.neotech.testcases.LoginTest@139982de]" name="validLogin" class="com.neotech.testcases.LoginTest"/>
      </group> <!-- regression -->
      <group name="smoke">
        <method signature="LoginTest.validLogin()[pri:0, instance:com.neotech.testcases.LoginTest@139982de]" name="validLogin" class="com.neotech.testcases.LoginTest"/>
      </group> <!-- smoke -->
    </groups>
    <test started-at="2023-02-07T20:34:42 EST" name="Regression Test" finished-at="2023-02-07T20:34:53 EST" duration-ms="10292">
      <class name="com.neotech.testcases.LoginTest">
        <test-method is-config="true" signature="generateReport()[pri:0, instance:com.neotech.testcases.LoginTest@139982de]" started-at="2023-02-07T20:34:42 EST" name="generateReport" finished-at="2023-02-07T20:34:42 EST" duration-ms="185" status="PASS">
          <reporter-output>
          </reporter-output>
        </test-method> <!-- generateReport -->
        <test-method is-config="true" signature="setUp()[pri:0, instance:com.neotech.testcases.LoginTest@139982de]" started-at="2023-02-07T20:34:42 EST" name="setUp" finished-at="2023-02-07T20:34:45 EST" duration-ms="2991" status="PASS">
          <reporter-output>
          </reporter-output>
        </test-method> <!-- setUp -->
        <test-method signature="validLogin()[pri:0, instance:com.neotech.testcases.LoginTest@139982de]" started-at="2023-02-07T20:34:45 EST" name="validLogin" finished-at="2023-02-07T20:34:52 EST" duration-ms="6840" status="PASS">
          <reporter-output>
          </reporter-output>
        </test-method> <!-- validLogin -->
        <test-method is-config="true" signature="tearDown()[pri:0, instance:com.neotech.testcases.LoginTest@139982de]" started-at="2023-02-07T20:34:52 EST" name="tearDown" finished-at="2023-02-07T20:34:53 EST" duration-ms="239" status="PASS">
          <reporter-output>
          </reporter-output>
        </test-method> <!-- tearDown -->
      </class> <!-- com.neotech.testcases.LoginTest -->
    </test> <!-- Regression Test -->
  </suite> <!-- RegressionSuite -->
</testng-results>
