<?xml version="1.0" encoding="UTF-8"?>
<!-- Generated by org.testng.reporters.JUnitXMLReporter -->
<testsuite ignored="5" hostname="eminezeynep" failures="0" tests="3" name="AddEmployee Test" time="96.216" errors="0" timestamp="2023-02-11T11:19:59 EST">
  <testcase classname="com.neotech.testcases.AddEmployeeTest" name="addEmployee" time="30.53"/>
  <testcase classname="com.neotech.testcases.AddEmployeeTest" name="addEmployee" time="26.215"/>
  <testcase classname="com.neotech.testcases.AddEmployeeTest" name="addEmployee" time="31.705"/>
  <testcase classname="com.neotech.testcases.LoginTest" name="invalidPasswordLogin" time="0.0">
    <ignored/>
  </testcase> <!-- invalidPasswordLogin -->
  <testcase classname="com.neotech.testcases.LoginTest" name="emptyPasswordLogin" time="0.0">
    <ignored/>
  </testcase> <!-- emptyPasswordLogin -->
  <testcase classname="com.neotech.testcases.LoginTest" name="validLogin" time="0.0">
    <ignored/>
  </testcase> <!-- validLogin -->
  <testcase classname="com.neotech.testbase.BaseClass" name="@BeforeTest generateReport" time="0.0">
    <ignored/>
  </testcase> <!-- @BeforeTest generateReport -->
  <testcase classname="com.neotech.testbase.BaseClass" name="@AfterTest writeReport" time="0.0">
    <ignored/>
  </testcase> <!-- @AfterTest writeReport -->
</testsuite> <!-- AddEmployee Test -->
