<?xml version="1.0" encoding="UTF-8"?>
<!-- Generated by org.testng.reporters.JUnitXMLReporter -->
<testsuite ignored="0" hostname="eminezeynep" failures="0" tests="4" name="GroupsDemoTest" time="0.039" errors="0" timestamp="2023-01-31T20:19:55 EST">
  <testcase classname="com.neotech.lesson03.GroupsDemo" name="test1" time="0.007"/>
  <testcase classname="com.neotech.lesson03.GroupsDemo" name="test2" time="0.001"/>
  <testcase classname="com.neotech.lesson03.GroupsDemo" name="test3" time="0.0"/>
  <testcase classname="com.neotech.lesson03.GroupsDemo" name="test4" time="0.001"/>
</testsuite> <!-- GroupsDemoTest -->
